<?xml version="1.0" encoding="UTF-8"?>
<!-- Generated by org.testng.reporters.JUnitReportReporter -->
<testsuite skipped="0" hostname="HDC3-L-6012P1F" name="testScripts.Facebook" tests="1" failures="0" timestamp="03 Jul 2017 18:29:32 GMT" time="37.386" errors="0">
  <testcase name="facebook_Login" time="37.386" classname="testScripts.Facebook"/>
</testsuite> <!-- testScripts.Facebook -->
