<?xml version="1.0" encoding="UTF-8"?>
<!-- Generated by org.testng.reporters.JUnitReportReporter -->
<testsuite skipped="0" hostname="HDC3-L-6012P1F" name="testScripts.Google" tests="1" failures="0" timestamp="03 Jul 2017 19:01:20 GMT" time="39.943" errors="0">
  <testcase name="Google_Search_Compare" time="39.943" classname="testScripts.Google"/>
</testsuite> <!-- testScripts.Google -->
